<?xml version="1.0" encoding="UTF-8"?>
<testsuite name="APIStatusTest" tests="1" skipped="0" failures="0" errors="0" timestamp="2022-02-18T09:04:01" hostname="EP-5CG109274B" time="1.946">
  <properties/>
  <testcase name="getApiServiceStatusGWT()" classname="APIStatusTest" time="1.946"/>
  <system-out><![CDATA[]]></system-out>
  <system-err><![CDATA[]]></system-err>
</testsuite>
