<?xml version="1.0" encoding="UTF-8"?>
<testsuite name="APIStatusTest" tests="1" skipped="0" failures="0" errors="0" timestamp="2022-02-18T13:51:40" hostname="EP-5CG109274B" time="2.688">
  <properties/>
  <testcase name="getApiServiceStatusGWT()" classname="APIStatusTest" time="2.688"/>
  <system-out><![CDATA[]]></system-out>
  <system-err><![CDATA[]]></system-err>
</testsuite>
